<?xml version="1.0" encoding="UTF-8"?>
<!-- Generated by org.testng.reporters.JUnitXMLReporter -->
<testsuite ignored="0" hostname="DESKTOP-TMP03FD" failures="0" tests="3" name="Default test" time="3.797" errors="0" timestamp="2023-06-01T13:54:40 IST">
  <testcase classname="files.DynamicJson" name="addBook" time="3.282"/>
  <testcase classname="files.DynamicJson" name="addBook" time="0.271"/>
  <testcase classname="files.DynamicJson" name="addBook" time="0.164"/>
</testsuite> <!-- Default test -->
